
Showing logs for build [32mcb-kubecd-environment-pr-187-13-8rjtt-1[0m stage [32mfrom-build-pack[0m and container [32mstep-credential-initializer-p2k9t[0m
{"level":"warn","ts":1584781920.6205726,"logger":"fallback-logger","caller":"logging/config.go:69","msg":"Fetch GitHub commit ID from kodata failed: \"ref: refs/heads/0.8.0-**-support-backwards-incompats\" is not a valid GitHub commit ID"}
{"level":"info","ts":1584781920.621207,"logger":"fallback-logger","caller":"creds-init/main.go:40","msg":"Credentials initialized."}

Showing logs for build [32mcb-kubecd-environment-pr-187-13-8rjtt-1[0m stage [32mfrom-build-pack[0m and container [32mstep-working-dir-initializer-fspsw[0m
{"level":"warn","ts":1584781920.983292,"logger":"fallback-logger","caller":"logging/config.go:69","msg":"Fetch GitHub commit ID from kodata failed: open /var/run/ko/HEAD: no such file or directory"}
{"level":"info","ts":1584781920.9852355,"logger":"fallback-logger","caller":"bash/main.go:64","msg":"Successfully executed command \"sh -c mkdir -p /workspace/source\"; output "}

Showing logs for build [32mcb-kubecd-environment-pr-187-13-8rjtt-1[0m stage [32mfrom-build-pack[0m and container [32mstep-place-tools[0m

Showing logs for build [32mcb-kubecd-environment-pr-187-13-8rjtt-1[0m stage [32mfrom-build-pack[0m and container [32mstep-git-source-cb-kubecd-environment-pr-187-13-8rjtt-hgbvm[0m
{"level":"warn","ts":1584781947.145756,"logger":"fallback-logger","caller":"logging/config.go:69","msg":"Fetch GitHub commit ID from kodata failed: \"ref: refs/heads/0.8.0-**-support-backwards-incompats\" is not a valid GitHub commit ID"}
{"level":"info","ts":1584781948.2279234,"logger":"fallback-logger","caller":"git/git.go:103","msg":"Successfully cloned https://github.com/cb-kubecd/environment-pr-187-13-boot-gke-staging.git @ master in path /workspace/source"}

Showing logs for build [32mcb-kubecd-environment-pr-187-13-8rjtt-1[0m stage [32mfrom-build-pack[0m and container [32mstep-git-merge[0m
Using SHAs from PULL_REFS=master:b7d0aaa71bafe71d9ef30408d0a248036e9ed127,4:45b71894779870716565c0afb6b2a8f79fc4e5a5
DEBUG: LC_ALL=C JX_LOG_LEVEL=error git fetch origin --unshallow 45b71894779870716565c0afb6b2a8f79fc4e5a5: b7d0aaa71bafe71d9ef30408d0a248036e9ed127:
DEBUG: ran git fetch --unshallow origin 45b71894779870716565c0afb6b2a8f79fc4e5a5: b7d0aaa71bafe71d9ef30408d0a248036e9ed127: in 
DEBUG: LC_ALL=C JX_LOG_LEVEL=error git branch
DEBUG: JX_LOG_LEVEL=error LC_ALL=C git checkout master
DEBUG: ran git checkout master in 
DEBUG: LC_ALL=C JX_LOG_LEVEL=error git reset --hard b7d0aaa71bafe71d9ef30408d0a248036e9ed127
DEBUG: ran git reset --hard b7d0aaa71bafe71d9ef30408d0a248036e9ed127 in 
DEBUG: LC_ALL=C JX_LOG_LEVEL=error git clean -fd .
DEBUG: ran clean --force -d . in 
DEBUG: LC_ALL=C JX_LOG_LEVEL=error git merge 45b71894779870716565c0afb6b2a8f79fc4e5a5
DEBUG: ran git merge 45b71894779870716565c0afb6b2a8f79fc4e5a5 in 
DEBUG: LC_ALL=C JX_LOG_LEVEL=error git log --format=%H%x1f%an%x1f%ae%x1f%cn%x1f%ce%x1f%s%n%b%x1e b7d0aaa71bafe71d9ef30408d0a248036e9ed127..HEAD
Merged SHA 45b71894779870716565c0afb6b2a8f79fc4e5a5 with commit message 'chore: Promote bdd-nh-1584780053 to version 0.0.1' into base branch master

Showing logs for build [32mcb-kubecd-environment-pr-187-13-8rjtt-1[0m stage [32mfrom-build-pack[0m and container [32mstep-build-helm-build[0m
WARNING: No $CHART_REPOSITORY defined so using the default value of: http://jenkins-x-chartmuseum:8080
Adding missing Helm repo: storage.googleapis.com https://storage.googleapis.com/chartmuseum.jenkins-x.io
WARNING: No secrets found on "helm/repos" due: reading the secret "helm/repos" from vault: no secret "helm/repos" not found in vault
Read credentials for https://storage.googleapis.com/chartmuseum.jenkins-x.io from vault helm/repos
Successfully added Helm repository storage.googleapis.com.
Adding missing Helm repo: jenkins-x-chartmuseum http://jenkins-x-chartmuseum:8080
WARNING: No secrets found on "helm/repos" due: reading the secret "helm/repos" from vault: no secret "helm/repos" not found in vault
Read credentials for http://jenkins-x-chartmuseum:8080 from vault helm/repos
Successfully added Helm repository jenkins-x-chartmuseum.
WARNING: No $CHART_REPOSITORY defined so using the default value of: http://jenkins-x-chartmuseum:8080
Adding missing Helm repo: chartmuseum.jenkins-x.io http://chartmuseum.jenkins-x.io
WARNING: No secrets found on "helm/repos" due: reading the secret "helm/repos" from vault: no secret "helm/repos" not found in vault
Read credentials for http://chartmuseum.jenkins-x.io from vault helm/repos
Successfully added Helm repository chartmuseum.jenkins-x.io.
