
Showing logs for build [32mcb-kubecd-environment-pr-187-13-frtgz-1[0m stage [32mfrom-build-pack[0m and container [32mstep-credential-initializer-xkvpr[0m
{"level":"warn","ts":1584782519.3341942,"logger":"fallback-logger","caller":"logging/config.go:69","msg":"Fetch GitHub commit ID from kodata failed: \"ref: refs/heads/0.8.0-**-support-backwards-incompats\" is not a valid GitHub commit ID"}
{"level":"info","ts":1584782519.3352275,"logger":"fallback-logger","caller":"creds-init/main.go:40","msg":"Credentials initialized."}

Showing logs for build [32mcb-kubecd-environment-pr-187-13-frtgz-1[0m stage [32mfrom-build-pack[0m and container [32mstep-working-dir-initializer-2pf7w[0m
{"level":"warn","ts":1584782520.6240087,"logger":"fallback-logger","caller":"logging/config.go:69","msg":"Fetch GitHub commit ID from kodata failed: open /var/run/ko/HEAD: no such file or directory"}
{"level":"info","ts":1584782520.6261814,"logger":"fallback-logger","caller":"bash/main.go:64","msg":"Successfully executed command \"sh -c mkdir -p /workspace/source\"; output "}

Showing logs for build [32mcb-kubecd-environment-pr-187-13-frtgz-1[0m stage [32mfrom-build-pack[0m and container [32mstep-place-tools[0m

Showing logs for build [32mcb-kubecd-environment-pr-187-13-frtgz-1[0m stage [32mfrom-build-pack[0m and container [32mstep-git-source-cb-kubecd-environment-pr-187-13-frtgz-prcfw[0m
{"level":"warn","ts":1584782525.0811827,"logger":"fallback-logger","caller":"logging/config.go:69","msg":"Fetch GitHub commit ID from kodata failed: \"ref: refs/heads/0.8.0-**-support-backwards-incompats\" is not a valid GitHub commit ID"}
{"level":"info","ts":1584782526.1532915,"logger":"fallback-logger","caller":"git/git.go:103","msg":"Successfully cloned https://github.com/cb-kubecd/environment-pr-187-13-boot-gke-staging.git @ master in path /workspace/source"}

Showing logs for build [32mcb-kubecd-environment-pr-187-13-frtgz-1[0m stage [32mfrom-build-pack[0m and container [32mstep-git-merge[0m
Using SHAs from PULL_REFS=master:1fa5ad9e2288d8a2858dad8504801b065f01647f,5:d362980f4b690c746278eb0286d3ff6f9007fcad
DEBUG: LC_ALL=C JX_LOG_LEVEL=error git fetch origin --unshallow d362980f4b690c746278eb0286d3ff6f9007fcad: 1fa5ad9e2288d8a2858dad8504801b065f01647f:
DEBUG: ran git fetch --unshallow origin d362980f4b690c746278eb0286d3ff6f9007fcad: 1fa5ad9e2288d8a2858dad8504801b065f01647f: in 
DEBUG: LC_ALL=C JX_LOG_LEVEL=error git branch
DEBUG: LC_ALL=C JX_LOG_LEVEL=error git checkout master
DEBUG: ran git checkout master in 
DEBUG: LC_ALL=C JX_LOG_LEVEL=error git reset --hard 1fa5ad9e2288d8a2858dad8504801b065f01647f
DEBUG: ran git reset --hard 1fa5ad9e2288d8a2858dad8504801b065f01647f in 
DEBUG: LC_ALL=C JX_LOG_LEVEL=error git clean -fd .
DEBUG: ran clean --force -d . in 
DEBUG: LC_ALL=C JX_LOG_LEVEL=error git merge d362980f4b690c746278eb0286d3ff6f9007fcad
DEBUG: ran git merge d362980f4b690c746278eb0286d3ff6f9007fcad in 
DEBUG: LC_ALL=C JX_LOG_LEVEL=error git log --format=%H%x1f%an%x1f%ae%x1f%cn%x1f%ce%x1f%s%n%b%x1e 1fa5ad9e2288d8a2858dad8504801b065f01647f..HEAD
Merged SHA d362980f4b690c746278eb0286d3ff6f9007fcad with commit message 'chore: Promote bdd-sbrp-import-1584782300 to version 0.0.1' into base branch master

Showing logs for build [32mcb-kubecd-environment-pr-187-13-frtgz-1[0m stage [32mfrom-build-pack[0m and container [32mstep-build-helm-build[0m
WARNING: No $CHART_REPOSITORY defined so using the default value of: http://jenkins-x-chartmuseum:8080
Adding missing Helm repo: storage.googleapis.com https://storage.googleapis.com/chartmuseum.jenkins-x.io
WARNING: No secrets found on "helm/repos" due: reading the secret "helm/repos" from vault: no secret "helm/repos" not found in vault
Read credentials for https://storage.googleapis.com/chartmuseum.jenkins-x.io from vault helm/repos
Successfully added Helm repository storage.googleapis.com.
Adding missing Helm repo: jenkins-x-chartmuseum http://jenkins-x-chartmuseum:8080
WARNING: No secrets found on "helm/repos" due: reading the secret "helm/repos" from vault: no secret "helm/repos" not found in vault
Read credentials for http://jenkins-x-chartmuseum:8080 from vault helm/repos
Successfully added Helm repository jenkins-x-chartmuseum.
WARNING: No $CHART_REPOSITORY defined so using the default value of: http://jenkins-x-chartmuseum:8080
Adding missing Helm repo: chartmuseum.jenkins-x.io http://chartmuseum.jenkins-x.io
WARNING: No secrets found on "helm/repos" due: reading the secret "helm/repos" from vault: no secret "helm/repos" not found in vault
Read credentials for http://chartmuseum.jenkins-x.io from vault helm/repos
Successfully added Helm repository chartmuseum.jenkins-x.io.
